Arguments: 
  /Users/vity/.nvm/versions/node/v16.9.0/bin/node /Users/vity/.nvm/versions/node/v16.9.0/bin/yarn add typescript -g

PATH: 
  /Users/vity/.nvm/versions/node/v16.9.0/bin:/usr/local/bin:/usr/bin:/bin:/usr/sbin:/sbin:/Users/vity/.nvm/versions/node/v16.9.0/bin:/usr/local/mysql/bin:/usr/local/mysql/bin

Yarn version: 
  1.22.18

Node version: 
  16.9.0

Platform: 
  darwin arm64

Trace: 
  Error: ENOENT: no such file or directory, copyfile '/Users/vity/Library/Caches/Yarn/v6/npm-estraverse-4.3.0-398ad3f3c5a24948be7725e83d11a7de28cdbd1d-integrity/node_modules/estraverse/.jshintrc' -> '/Users/vity/Desktop/my/web/study/admin/smarty-ui-vite/node_modules/@typescript-eslint/utils/node_modules/estraverse/.jshintrc'

npm manifest: 
  {
    "name": "smarty-ui-vite",
    "version": "1.0.0",
    "description": "",
    "main": "index.js",
    "scripts": {
      "dev": "vite",
      "build": "vite build",
      "docs:dev": "vitepress dev docs --config ./vite.config.ts",
      "docs:build": "vitepress build docs --config ./vite.config.ts",
      "docs:serve": "vitepress serve docs --config ./vite.config.ts",
      "test": "vitest",
      "lint": "eslint --fix --ext .ts,.vue src",
      "format": "prettier --write \"src/**/*.ts\" \"src/**/*.vue\""
    },
    "keywords": [],
    "author": "",
    "license": "ISC",
    "dependencies": {
      "@iconify-json/ic": "^1.1.8",
      "@vitejs/plugin-vue": "^3.0.1",
      "@vitejs/plugin-vue-jsx": "^2.0.0",
      "unocss": "^0.45.6",
      "vite": "^3.0.5",
      "vue": "^3.2.37"
    },
    "devDependencies": {
      "@testing-library/vue": "^6.6.1",
      "@types/node": "^18.7.2",
      "@typescript-eslint/eslint-plugin": "^5.33.1",
      "@typescript-eslint/parser": "^5.33.1",
      "@vue/eslint-config-prettier": "^7.0.0",
      "@vue/test-utils": "2.0.2",
      "babel-eslint": "^10.1.0",
      "eslint": "^8.22.0",
      "eslint-formatter-pretty": "^4.1.0",
      "eslint-plugin-json": "^3.1.0",
      "eslint-plugin-prettier": "^4.2.1",
      "eslint-plugin-vue": "^9.3.0",
      "happy-dom": "6.0.4",
      "prettier": "^2.7.1",
      "vitepress": "^0.22.4",
      "vitepress-theme-demoblock": "^1.4.2",
      "vitest": "0.21.1"
    }
  }

yarn manifest: 
  No manifest

Lockfile: 
  No lockfile
